Arguments: 
  /usr/local/Cellar/node/12.9.0/bin/node /usr/local/Cellar/yarn/1.17.3/libexec/bin/yarn.js start

PATH: 
  /usr/local/bin:/usr/bin:/bin:/usr/sbin:/sbin

Yarn version: 
  1.17.3

Node version: 
  12.9.0

Platform: 
  darwin x64

Trace: 
  SyntaxError: /Users/youcantspellit/Projects/retro-back/package.json: Unexpected token } in JSON at position 113
      at JSON.parse (<anonymous>)
      at /usr/local/Cellar/yarn/1.17.3/libexec/lib/cli.js:1625:59
      at Generator.next (<anonymous>)
      at step (/usr/local/Cellar/yarn/1.17.3/libexec/lib/cli.js:304:30)
      at /usr/local/Cellar/yarn/1.17.3/libexec/lib/cli.js:315:13

npm manifest: 
  {
    "name": "projects",
    "version": "0.0.0",
    "private": true,
    "scripts": {
      "start": "nodemon server",
    },
    "dependencies": {
      "config": "^3.2.2",
      "cookie-parser": "~1.4.4",
      "cors": "^2.8.5",
      "debug": "~2.6.9",
      "express": "~4.16.1",
      "express-validator": "^6.2.0",
      "http-errors": "~1.6.3",
      "jade": "~1.11.0",
      "mongoose": "^5.6.11",
      "morgan": "~1.9.1",
      "request": "^2.88.0"
    },
    "devDependencies": {
      "concurrently": "^4.1.2",
      "dotenv": "^8.1.0",
      "nodemon": "^1.19.1"
    }
  }

yarn manifest: 
  No manifest

Lockfile: 
  No lockfile
